<?xml version="1.0" encoding="UTF-8"?>
<testng-results ignored="0" total="2" passed="2" failed="0" skipped="0">
  <reporter-output>
    <line>
      <![CDATA[Tittle is maching::Google Google]]>
    </line>
    <line>
      <![CDATA[Tittle is not maching::Gmail Google]]>
    </line>
  </reporter-output>
  <suite started-at="2023-07-19T17:24:37Z" name="Default suite" finished-at="2023-07-19T17:24:47Z" duration-ms="10241">
    <groups>
    </groups>
    <test started-at="2023-07-19T17:24:37Z" name="Default test" finished-at="2023-07-19T17:24:47Z" duration-ms="10241">
      <class name="testcases.Extended_report">
        <test-method is-config="true" signature="setup()[pri:0, instance:testcases.Extended_report@13b6aecc]" started-at="2023-07-19T17:24:37Z" name="setup" finished-at="2023-07-19T17:24:42Z" duration-ms="5039" status="PASS">
          <reporter-output>
          </reporter-output>
        </test-method> <!-- setup -->
        <test-method signature="testcase1()[pri:0, instance:testcases.Extended_report@13b6aecc]" started-at="2023-07-19T17:24:42Z" name="testcase1" finished-at="2023-07-19T17:24:42Z" duration-ms="44" status="PASS">
          <reporter-output>
            <line>
              <![CDATA[Tittle is maching::Google Google]]>
            </line>
          </reporter-output>
        </test-method> <!-- testcase1 -->
        <test-method is-config="true" signature="teardown()[pri:0, instance:testcases.Extended_report@13b6aecc]" started-at="2023-07-19T17:24:42Z" name="teardown" finished-at="2023-07-19T17:24:43Z" duration-ms="316" status="PASS">
          <reporter-output>
          </reporter-output>
        </test-method> <!-- teardown -->
        <test-method is-config="true" signature="setup()[pri:0, instance:testcases.Extended_report@13b6aecc]" started-at="2023-07-19T17:24:43Z" name="setup" finished-at="2023-07-19T17:24:47Z" duration-ms="4466" status="PASS">
          <reporter-output>
          </reporter-output>
        </test-method> <!-- setup -->
        <test-method signature="testcase2()[pri:0, instance:testcases.Extended_report@13b6aecc]" started-at="2023-07-19T17:24:47Z" name="testcase2" finished-at="2023-07-19T17:24:47Z" duration-ms="33" status="PASS">
          <reporter-output>
            <line>
              <![CDATA[Tittle is not maching::Gmail Google]]>
            </line>
          </reporter-output>
        </test-method> <!-- testcase2 -->
        <test-method is-config="true" signature="teardown()[pri:0, instance:testcases.Extended_report@13b6aecc]" started-at="2023-07-19T17:24:47Z" name="teardown" finished-at="2023-07-19T17:24:47Z" duration-ms="294" status="PASS">
          <reporter-output>
          </reporter-output>
        </test-method> <!-- teardown -->
      </class> <!-- testcases.Extended_report -->
    </test> <!-- Default test -->
  </suite> <!-- Default suite -->
</testng-results>
